============================= test session starts =============================
platform win32 -- Python 3.14.0, pytest-9.0.2, pluggy-1.6.0 -- C:\Python314\python.exe
cachedir: .pytest_cache
rootdir: C:\Users\jeff0r\Dropbox\working\modellm
configfile: pyproject.toml
plugins: anyio-4.12.0, asyncio-1.3.0, cov-7.0.0, mock-3.15.1
asyncio: mode=Mode.STRICT, debug=False, asyncio_default_fixture_loop_scope=None, asyncio_default_test_loop_scope=function
collecting ... collected 1 item

tests/test_prompt_pipeline/test_pipeline_integration.py::TestPipelineIntegration::test_single_step_end_to_end FAILED [100%]

================================== FAILURES ===================================
E   FileNotFoundError: Prompt file not found: prompts\prompt_step1.md
C:\Users\jeff0r\Dropbox\working\modellm\prompt_pipeline\prompt_manager.py:129: FileNotFoundError: Prompt file not found: prompts\prompt_step1.md
=========================== short test summary info ===========================
FAILED tests/test_prompt_pipeline/test_pipeline_integration.py::TestPipelineIntegration::test_single_step_end_to_end - FileNotFoundError: Prompt file not found: prompts\prompt_step1.md
============================== 1 failed in 0.13s ==============================
